0 info it worked if it ends with ok
1 verbose cli [ 'C:\\Program Files\\nodejs\\node.exe',
1 verbose cli   'C:\\Program Files\\nodejs\\node_modules\\npm\\bin\\npm-cli.js',
1 verbose cli   'run',
1 verbose cli   'start' ]
2 info using npm@3.10.10
3 info using node@v6.11.0
<<<<<<< HEAD
4 verbose stack Error: ENOENT: no such file or directory, open 'C:\Users\n0313181\Desktop\repos\webflix\lit-webflix-scholars-2017\client\package.json'
4 verbose stack     at Error (native)
5 verbose cwd C:\Users\n0313181\Desktop\repos\webflix\lit-webflix-scholars-2017\client
=======
4 verbose stack Error: ENOENT: no such file or directory, open 'C:\Users\N0313191\Downloads\webflix\lit-webflix-scholars-2017\client\package.json'
4 verbose stack     at Error (native)
5 verbose cwd C:\Users\N0313191\Downloads\webflix\lit-webflix-scholars-2017\client
>>>>>>> da37c949daf4a89bd773d0f3eb883eb284e3cf2f
6 error Windows_NT 6.1.7601
7 error argv "C:\\Program Files\\nodejs\\node.exe" "C:\\Program Files\\nodejs\\node_modules\\npm\\bin\\npm-cli.js" "run" "start"
8 error node v6.11.0
9 error npm  v3.10.10
<<<<<<< HEAD
10 error path C:\Users\n0313181\Desktop\repos\webflix\lit-webflix-scholars-2017\client\package.json
11 error code ENOENT
12 error errno -4058
13 error syscall open
14 error enoent ENOENT: no such file or directory, open 'C:\Users\n0313181\Desktop\repos\webflix\lit-webflix-scholars-2017\client\package.json'
15 error enoent ENOENT: no such file or directory, open 'C:\Users\n0313181\Desktop\repos\webflix\lit-webflix-scholars-2017\client\package.json'
=======
10 error path C:\Users\N0313191\Downloads\webflix\lit-webflix-scholars-2017\client\package.json
11 error code ENOENT
12 error errno -4058
13 error syscall open
14 error enoent ENOENT: no such file or directory, open 'C:\Users\N0313191\Downloads\webflix\lit-webflix-scholars-2017\client\package.json'
15 error enoent ENOENT: no such file or directory, open 'C:\Users\N0313191\Downloads\webflix\lit-webflix-scholars-2017\client\package.json'
>>>>>>> da37c949daf4a89bd773d0f3eb883eb284e3cf2f
15 error enoent This is most likely not a problem with npm itself
15 error enoent and is related to npm not being able to find a file.
16 verbose exit [ -4058, true ]
